TN:
SF:linkedlist.js
FN:2,(anonymous_0)
FN:7,(anonymous_1)
FN:13,(anonymous_2)
FN:23,(anonymous_3)
FN:33,(anonymous_4)
FN:45,(anonymous_5)
FN:50,(anonymous_6)
FN:65,(anonymous_7)
FN:71,(anonymous_8)
FNF:9
FNH:8
FNDA:14,(anonymous_0)
FNDA:36,(anonymous_1)
FNDA:15,(anonymous_2)
FNDA:0,(anonymous_3)
FNDA:4,(anonymous_4)
FNDA:2,(anonymous_5)
FNDA:4,(anonymous_6)
FNDA:37,(anonymous_7)
FNDA:13,(anonymous_8)
DA:3,14
DA:4,14
DA:8,36
DA:9,36
DA:10,36
DA:14,15
DA:16,9
DA:17,9
DA:18,14
DA:20,9
DA:24,0
DA:25,0
DA:26,0
DA:27,0
DA:28,0
DA:30,0
DA:34,4
DA:35,1
DA:37,3
DA:38,3
DA:39,2
DA:41,1
DA:42,1
DA:46,2
DA:47,2
DA:51,4
DA:52,1
DA:54,3
DA:55,3
DA:56,2
DA:58,1
DA:59,1
DA:66,37
DA:67,37
DA:71,1
DA:72,13
DA:73,13
DA:74,33
DA:76,13
DA:80,1
LF:40
LH:34
BRDA:14,0,0,6
BRDA:14,0,1,9
BRDA:14,1,0,15
BRDA:14,1,1,12
BRDA:34,2,0,1
BRDA:34,2,1,3
BRDA:38,3,0,2
BRDA:38,3,1,1
BRDA:51,4,0,1
BRDA:51,4,1,3
BRDA:55,5,0,2
BRDA:55,5,1,1
BRF:12
BRH:12
end_of_record
